[0.007s] Invoking command in '/home/robot/project_ws/src/project_robot/build/project_robot': CMAKE_PREFIX_PATH=/opt/ros/humble /usr/bin/cmake /home/robot/project_ws/src/project_robot -DAMENT_CMAKE_SYMLINK_INSTALL=1 -DCMAKE_INSTALL_PREFIX=/home/robot/project_ws/src/project_robot/install/project_robot
[0.046s] -- The C compiler identification is GNU 11.4.0
[0.087s] -- The CXX compiler identification is GNU 11.4.0
[0.092s] -- Detecting C compiler ABI info
[0.144s] -- Detecting C compiler ABI info - done
[0.150s] -- Check for working C compiler: /usr/bin/cc - skipped
[0.150s] -- Detecting C compile features
[0.150s] -- Detecting C compile features - done
[0.153s] -- Detecting CXX compiler ABI info
[0.217s] -- Detecting CXX compiler ABI info - done
[0.224s] -- Check for working CXX compiler: /usr/bin/c++ - skipped
[0.225s] -- Detecting CXX compile features
[0.225s] -- Detecting CXX compile features - done
[0.227s] -- Found ament_cmake: 1.3.8 (/opt/ros/humble/share/ament_cmake/cmake)
[0.349s] -- Found Python3: /usr/bin/python3 (found version "3.10.12") found components: Interpreter 
[0.398s] -- Override CMake install command with custom implementation using symlinks instead of copying resources
[0.415s] -- Found ament_lint_auto: 0.12.10 (/opt/ros/humble/share/ament_lint_auto/cmake)
[0.477s] -- Added test 'copyright' to check source files copyright and LICENSE
[0.481s] -- Added test 'cppcheck' to perform static code analysis on C / C++ code
[0.481s] -- Configured cppcheck include dirs: 
[0.481s] -- Configured cppcheck exclude dirs and/or files: 
[0.485s] -- Added test 'cpplint' to check C / C++ code against the Google style
[0.485s] -- Configured cpplint exclude dirs and/or files: 
[0.486s] -- Added test 'flake8' to check Python code syntax and style conventions
[0.487s] -- Added test 'lint_cmake' to check CMake code style
[0.488s] -- Added test 'pep257' to check Python code against some of the docstring style conventions in PEP 257
[0.493s] -- Added test 'uncrustify' to check C / C++ code style
[0.493s] -- Configured uncrustify additional arguments: 
[0.493s] -- Added test 'xmllint' to check XML markup files
[0.494s] -- Configuring done
[0.497s] -- Generating done
[0.497s] -- Build files have been written to: /home/robot/project_ws/src/project_robot/build/project_robot
[0.502s] Invoked command in '/home/robot/project_ws/src/project_robot/build/project_robot' returned '0': CMAKE_PREFIX_PATH=/opt/ros/humble /usr/bin/cmake /home/robot/project_ws/src/project_robot -DAMENT_CMAKE_SYMLINK_INSTALL=1 -DCMAKE_INSTALL_PREFIX=/home/robot/project_ws/src/project_robot/install/project_robot
[0.502s] Invoking command in '/home/robot/project_ws/src/project_robot/build/project_robot': CMAKE_PREFIX_PATH=/opt/ros/humble /usr/bin/cmake --build /home/robot/project_ws/src/project_robot/build/project_robot -- -j12 -l12
[0.529s] Invoked command in '/home/robot/project_ws/src/project_robot/build/project_robot' returned '0': CMAKE_PREFIX_PATH=/opt/ros/humble /usr/bin/cmake --build /home/robot/project_ws/src/project_robot/build/project_robot -- -j12 -l12
[0.549s] Invoking command in '/home/robot/project_ws/src/project_robot/build/project_robot': CMAKE_PREFIX_PATH=/opt/ros/humble /usr/bin/cmake --install /home/robot/project_ws/src/project_robot/build/project_robot
[0.555s] -- Install configuration: ""
[0.555s] -- Execute custom install script
[0.556s] -- Symlinking: /home/robot/project_ws/src/project_robot/install/project_robot/share/project_robot/config/empty.yaml
[0.562s] -- Symlinking: /home/robot/project_ws/src/project_robot/install/project_robot/share/project_robot/description/robot.urdf.xacro
[0.568s] -- Symlinking: /home/robot/project_ws/src/project_robot/install/project_robot/share/project_robot/description/robot_core.xacro
[0.574s] -- Symlinking: /home/robot/project_ws/src/project_robot/install/project_robot/share/project_robot/launch/rsp.launch.py
[0.580s] -- Symlinking: /home/robot/project_ws/src/project_robot/install/project_robot/share/project_robot/worlds/empty.world
[0.586s] -- Symlinking: /home/robot/project_ws/src/project_robot/install/project_robot/share/ament_index/resource_index/package_run_dependencies/project_robot
[0.592s] -- Symlinking: /home/robot/project_ws/src/project_robot/install/project_robot/share/ament_index/resource_index/parent_prefix_path/project_robot
[0.599s] -- Symlinking: /home/robot/project_ws/src/project_robot/install/project_robot/share/project_robot/environment/ament_prefix_path.sh
[0.605s] -- Symlinking: /home/robot/project_ws/src/project_robot/install/project_robot/share/project_robot/environment/ament_prefix_path.dsv
[0.612s] -- Symlinking: /home/robot/project_ws/src/project_robot/install/project_robot/share/project_robot/environment/path.sh
[0.618s] -- Symlinking: /home/robot/project_ws/src/project_robot/install/project_robot/share/project_robot/environment/path.dsv
[0.624s] -- Symlinking: /home/robot/project_ws/src/project_robot/install/project_robot/share/project_robot/local_setup.bash
[0.632s] -- Symlinking: /home/robot/project_ws/src/project_robot/install/project_robot/share/project_robot/local_setup.sh
[0.639s] -- Symlinking: /home/robot/project_ws/src/project_robot/install/project_robot/share/project_robot/local_setup.zsh
[0.645s] -- Symlinking: /home/robot/project_ws/src/project_robot/install/project_robot/share/project_robot/local_setup.dsv
[0.652s] -- Symlinking: /home/robot/project_ws/src/project_robot/install/project_robot/share/project_robot/package.dsv
[0.658s] -- Symlinking: /home/robot/project_ws/src/project_robot/install/project_robot/share/ament_index/resource_index/packages/project_robot
[0.665s] -- Symlinking: /home/robot/project_ws/src/project_robot/install/project_robot/share/project_robot/cmake/project_robotConfig.cmake
[0.671s] -- Symlinking: /home/robot/project_ws/src/project_robot/install/project_robot/share/project_robot/cmake/project_robotConfig-version.cmake
[0.678s] -- Symlinking: /home/robot/project_ws/src/project_robot/install/project_robot/share/project_robot/package.xml
[0.685s] Invoked command in '/home/robot/project_ws/src/project_robot/build/project_robot' returned '0': CMAKE_PREFIX_PATH=/opt/ros/humble /usr/bin/cmake --install /home/robot/project_ws/src/project_robot/build/project_robot
